<?xml version="1.0" encoding="UTF-8"?>
<coverage generated="1515089828466" clover="3.2.0">
  <project timestamp="1515089828466" name="All files">
    <metrics statements="8" coveredstatements="8" conditionals="13" coveredconditionals="11" methods="2" coveredmethods="2" elements="23" coveredelements="21" complexity="0" loc="8" ncloc="8" packages="1" files="1" classes="1">
      <file name="index.js" path="/Users/dave/dev/yodata/hsf/reflex/hsf-roqlogic-context/index.js">
        <metrics statements="8" coveredstatements="8" conditionals="13" coveredconditionals="11" methods="2" coveredmethods="2"/>
        <line num="1" count="1" type="stmt"/>
        <line num="2" count="1" type="stmt"/>
        <line num="9" count="1" type="cond" truecount="2" falsecount="0"/>
        <line num="10" count="1" type="cond" truecount="1" falsecount="1"/>
        <line num="16" count="1" type="cond" truecount="2" falsecount="0"/>
        <line num="17" count="1" type="cond" truecount="1" falsecount="1"/>
        <line num="21" count="1" type="stmt"/>
        <line num="23" count="2" type="cond" truecount="5" falsecount="0"/>
      </file>
    </metrics>
  </project>
</coverage>
