{"/Users/dave/dev/yodata/hsf/reflex/hsf-roqlogic-context/index.js": {"path":"/Users/dave/dev/yodata/hsf/reflex/hsf-roqlogic-context/index.js","statementMap":{"0":{"start":{"line":1,"column":18},"end":{"line":1,"column":43}},"1":{"start":{"line":2,"column":16},"end":{"line":20,"column":2}},"2":{"start":{"line":9,"column":20},"end":{"line":9,"column":40}},"3":{"start":{"line":10,"column":6},"end":{"line":10,"column":74}},"4":{"start":{"line":16,"column":20},"end":{"line":16,"column":40}},"5":{"start":{"line":17,"column":6},"end":{"line":17,"column":70}},"6":{"start":{"line":21,"column":0},"end":{"line":25,"column":2}},"7":{"start":{"line":23,"column":4},"end":{"line":23,"column":140}}},"fnMap":{"0":{"name":"(anonymous_0)","decl":{"start":{"line":8,"column":9},"end":{"line":8,"column":10}},"loc":{"start":{"line":8,"column":18},"end":{"line":11,"column":5}},"line":8},"1":{"name":"(anonymous_1)","decl":{"start":{"line":15,"column":9},"end":{"line":15,"column":10}},"loc":{"start":{"line":15,"column":18},"end":{"line":18,"column":5}},"line":15}},"branchMap":{"0":{"loc":{"start":{"line":9,"column":20},"end":{"line":9,"column":40}},"type":"binary-expr","locations":[{"start":{"line":9,"column":20},"end":{"line":9,"column":25}},{"start":{"line":9,"column":29},"end":{"line":9,"column":40}}],"line":9},"1":{"loc":{"start":{"line":10,"column":13},"end":{"line":10,"column":73}},"type":"cond-expr","locations":[{"start":{"line":10,"column":21},"end":{"line":10,"column":61}},{"start":{"line":10,"column":64},"end":{"line":10,"column":73}}],"line":10},"2":{"loc":{"start":{"line":16,"column":20},"end":{"line":16,"column":40}},"type":"binary-expr","locations":[{"start":{"line":16,"column":20},"end":{"line":16,"column":25}},{"start":{"line":16,"column":29},"end":{"line":16,"column":40}}],"line":16},"3":{"loc":{"start":{"line":17,"column":13},"end":{"line":17,"column":69}},"type":"cond-expr","locations":[{"start":{"line":17,"column":21},"end":{"line":17,"column":57}},{"start":{"line":17,"column":60},"end":{"line":17,"column":69}}],"line":17},"4":{"loc":{"start":{"line":23,"column":11},"end":{"line":23,"column":139}},"type":"cond-expr","locations":[{"start":{"line":23,"column":109},"end":{"line":23,"column":129}},{"start":{"line":23,"column":132},"end":{"line":23,"column":139}}],"line":23},"5":{"loc":{"start":{"line":23,"column":12},"end":{"line":23,"column":105}},"type":"binary-expr","locations":[{"start":{"line":23,"column":12},"end":{"line":23,"column":19}},{"start":{"line":23,"column":23},"end":{"line":23,"column":41}},{"start":{"line":23,"column":45},"end":{"line":23,"column":105}}],"line":23}},"s":{"0":1,"1":1,"2":1,"3":1,"4":1,"5":1,"6":1,"7":2},"f":{"0":1,"1":1},"b":{"0":[1,1],"1":[1,0],"2":[1,1],"3":[1,0],"4":[1,1],"5":[2,2,2]},"_coverageSchema":"332fd63041d2c1bcb487cc26dd0d5f7d97098a6c","hash":"5d3968ce78ad8e50c7b2040023acbf5b8daf1acb"}
}
